<?xml version="1.0" encoding="UTF-8"?>
<!-- Generated by org.testng.reporters.JUnitXMLReporter -->
<testsuite hostname="Alex" ignored="0" name="API Tests" tests="3" failures="0" timestamp="08 Jul 2020 21:34:14 GMT" time="4.518" errors="0">
  <testcase name="test01_AddTeamAndVerify" time="0.227" classname="SanityTests.grafanaAPI"/>
  <testcase name="test02_UpdateTeamAndVerify" time="0.139" classname="SanityTests.grafanaAPI"/>
  <testcase name="test03_DeleteTeamAndVerify" time="0.14" classname="SanityTests.grafanaAPI"/>
</testsuite> <!-- API Tests -->
