<?xml version="1.0" encoding="UTF-8"?>
<!-- Generated by org.testng.reporters.JUnitXMLReporter -->
<testsuite hostname="Alex" ignored="0" name="Web Tests" tests="5" failures="0" timestamp="08 Jul 2020 21:33:50 GMT" time="14.567" errors="0">
  <testcase name="test01_login" time="1.577" classname="SanityTests.grafanaWeb"/>
  <testcase name="test02_verifyDefaultUsers" time="0.548" classname="SanityTests.grafanaWeb"/>
  <testcase name="test03_addAndVerifyUsers" time="1.135" classname="SanityTests.grafanaWeb"/>
  <testcase name="test04_deleteAndVerifyUsers" time="0.87" classname="SanityTests.grafanaWeb"/>
  <testcase name="test05_verifyAvatar" time="0.811" classname="SanityTests.grafanaWeb"/>
</testsuite> <!-- Web Tests -->
