<?xml version="1.0" encoding="UTF-8"?>
<testng-results skipped="0" failed="0" ignored="0" total="3" passed="3">
  <reporter-output>
  </reporter-output>
  <suite name="Suite" duration-ms="4518" started-at="2020-07-08T21:34:10Z" finished-at="2020-07-08T21:34:14Z">
    <groups>
    </groups>
    <test name="API Tests" duration-ms="4518" started-at="2020-07-08T21:34:10Z" finished-at="2020-07-08T21:34:14Z">
      <class name="SanityTests.grafanaAPI">
        <test-method status="PASS" signature="startSession(java.lang.String)[pri:0, instance:SanityTests.grafanaAPI@24fb6a80]" name="startSession" is-config="true" duration-ms="3879" started-at="2020-07-08T21:34:10Z" finished-at="2020-07-08T21:34:14Z">
          <params>
            <param index="0">
              <value>
                <![CDATA[api]]>
              </value>
            </param>
          </params>
          <reporter-output>
          </reporter-output>
        </test-method> <!-- startSession -->
        <test-method status="PASS" signature="test01_AddTeamAndVerify()[pri:0, instance:SanityTests.grafanaAPI@24fb6a80]" name="test01_AddTeamAndVerify" duration-ms="227" started-at="2020-07-08T21:34:14Z" description="Test01: Add Team and Verify it" finished-at="2020-07-08T21:34:14Z">
          <reporter-output>
          </reporter-output>
        </test-method> <!-- test01_AddTeamAndVerify -->
        <test-method status="PASS" signature="afterMethod()[pri:0, instance:SanityTests.grafanaAPI@24fb6a80]" name="afterMethod" is-config="true" duration-ms="1" started-at="2020-07-08T21:34:14Z" finished-at="2020-07-08T21:34:14Z">
          <reporter-output>
          </reporter-output>
        </test-method> <!-- afterMethod -->
        <test-method status="PASS" signature="test02_UpdateTeamAndVerify()[pri:0, instance:SanityTests.grafanaAPI@24fb6a80]" name="test02_UpdateTeamAndVerify" duration-ms="139" started-at="2020-07-08T21:34:14Z" description="Test02: Update Team and Verify it" finished-at="2020-07-08T21:34:14Z">
          <reporter-output>
          </reporter-output>
        </test-method> <!-- test02_UpdateTeamAndVerify -->
        <test-method status="PASS" signature="afterMethod()[pri:0, instance:SanityTests.grafanaAPI@24fb6a80]" name="afterMethod" is-config="true" duration-ms="1" started-at="2020-07-08T21:34:14Z" finished-at="2020-07-08T21:34:14Z">
          <reporter-output>
          </reporter-output>
        </test-method> <!-- afterMethod -->
        <test-method status="PASS" signature="test03_DeleteTeamAndVerify()[pri:0, instance:SanityTests.grafanaAPI@24fb6a80]" name="test03_DeleteTeamAndVerify" duration-ms="140" started-at="2020-07-08T21:34:14Z" description="Test03: Delete Team and Verify it" finished-at="2020-07-08T21:34:14Z">
          <reporter-output>
          </reporter-output>
        </test-method> <!-- test03_DeleteTeamAndVerify -->
        <test-method status="PASS" signature="afterMethod()[pri:0, instance:SanityTests.grafanaAPI@24fb6a80]" name="afterMethod" is-config="true" duration-ms="0" started-at="2020-07-08T21:34:14Z" finished-at="2020-07-08T21:34:14Z">
          <reporter-output>
          </reporter-output>
        </test-method> <!-- afterMethod -->
        <test-method status="PASS" signature="closeSession()[pri:0, instance:SanityTests.grafanaAPI@24fb6a80]" name="closeSession" is-config="true" duration-ms="2" started-at="2020-07-08T21:34:14Z" finished-at="2020-07-08T21:34:14Z">
          <reporter-output>
          </reporter-output>
        </test-method> <!-- closeSession -->
      </class> <!-- SanityTests.grafanaAPI -->
    </test> <!-- API Tests -->
  </suite> <!-- Suite -->
</testng-results>
